SF:lib/photos/data/model/photo.dart
DA:27,0
DA:28,0
DA:29,0
DA:30,0
DA:31,0
DA:32,0
DA:33,0
DA:34,0
DA:35,0
DA:36,0
DA:37,0
DA:38,0
DA:39,0
DA:40,0
DA:41,0
DA:42,0
DA:43,0
DA:44,0
DA:45,0
DA:48,0
DA:49,0
DA:50,0
DA:51,0
DA:52,0
DA:53,0
DA:54,0
DA:55,0
DA:56,0
DA:57,0
DA:58,0
DA:59,0
DA:60,0
DA:61,0
DA:62,0
DA:63,0
DA:64,0
DA:66,0
DA:67,0
DA:69,0
DA:70,0
DA:71,0
DA:72,0
DA:73,0
DA:74,0
DA:75,0
DA:76,0
DA:77,0
DA:78,0
DA:79,0
DA:80,0
DA:81,0
DA:82,0
DA:83,0
DA:84,0
DA:85,0
DA:86,0
DA:90,0
DA:110,0
DA:129,0
DA:130,0
DA:131,0
DA:132,0
DA:133,0
DA:134,0
DA:135,0
DA:136,0
DA:137,0
DA:139,0
DA:140,0
DA:141,0
DA:142,0
DA:143,0
DA:145,0
DA:146,0
DA:147,0
DA:151,0
DA:152,0
DA:153,0
DA:154,0
DA:155,0
DA:156,0
DA:157,0
DA:158,0
DA:159,0
DA:160,0
DA:161,0
DA:162,0
DA:163,0
DA:164,0
DA:165,0
DA:166,0
DA:167,0
DA:168,0
LF:93
LH:0
end_of_record
SF:lib/photos/data/photo_repository.dart
DA:9,0
DA:16,0
DA:18,0
DA:20,0
DA:21,0
DA:22,0
DA:25,0
DA:30,0
DA:32,0
DA:33,0
DA:36,0
DA:38,0
DA:39,0
DA:42,0
DA:43,0
DA:44,0
DA:47,0
LF:17
LH:0
end_of_record
SF:lib/search/search_controller.dart
DA:7,0
DA:15,1
DA:16,2
DA:17,2
DA:20,1
DA:21,2
DA:24,3
DA:25,2
DA:27,3
LF:9
LH:8
end_of_record
SF:lib/search/search_state.freezed.dart
DA:10,0
DA:12,0
DA:17,2
DA:19,0
DA:20,0
DA:25,0
DA:26,0
DA:32,0
DA:33,0
DA:45,0
DA:47,0
DA:53,0
DA:54,0
DA:61,0
DA:62,0
DA:68,0
DA:69,0
DA:76,0
DA:78,0
DA:80,0
DA:93,0
DA:99,0
DA:103,0
DA:104,0
DA:105,0
DA:125,0
DA:127,0
DA:129,0
DA:130,0
DA:132,0
DA:136,0
DA:137,0
DA:138,0
DA:147,1
DA:152,0
DA:154,0
DA:157,0
DA:160,0
DA:161,0
DA:162,0
DA:165,0
DA:167,0
DA:169,0
DA:172,0
DA:174,0
DA:181,0
DA:184,0
DA:193,0
DA:195,0
DA:198,0
DA:205,0
DA:208,0
DA:217,0
DA:219,0
DA:226,0
DA:227,0
DA:228,0
DA:231,0
DA:248,0
DA:250,0
DA:252,0
DA:253,0
DA:255,0
DA:260,0
DA:261,0
DA:262,0
DA:265,0
DA:266,0
DA:275,1
DA:282,0
DA:284,0
DA:287,0
DA:290,0
DA:291,0
DA:292,0
DA:293,0
DA:294,0
DA:297,0
DA:299,0
DA:300,0
DA:301,0
DA:303,0
DA:306,0
DA:308,0
DA:315,0
DA:318,0
DA:327,0
DA:329,0
DA:332,0
DA:339,0
DA:342,0
DA:351,0
DA:353,0
DA:361,0
DA:362,0
DA:363,0
DA:364,0
DA:367,0
DA:384,0
DA:386,0
DA:388,0
DA:389,0
DA:391,0
DA:396,0
DA:397,0
DA:398,0
DA:401,0
DA:402,0
DA:411,1
DA:418,0
DA:420,0
DA:423,0
DA:426,0
DA:427,0
DA:429,0
DA:430,0
DA:431,0
DA:434,0
DA:436,0
DA:437,0
DA:438,0
DA:440,0
DA:443,0
DA:445,0
DA:452,0
DA:455,0
DA:464,0
DA:466,0
DA:469,0
DA:476,0
DA:479,0
DA:488,0
DA:490,0
DA:498,0
DA:499,0
DA:500,0
DA:501,0
DA:504,0
LF:138
LH:4
end_of_record
SF:lib/authentication/data/model/badge.dart
DA:10,0
DA:11,0
DA:12,0
DA:13,0
DA:14,0
DA:16,0
DA:17,0
DA:18,0
DA:19,0
DA:20,0
DA:21,0
LF:11
LH:0
end_of_record
SF:lib/authentication/data/model/links.dart
DA:11,0
DA:12,0
DA:13,0
DA:14,0
DA:15,0
DA:16,0
DA:18,0
DA:19,0
DA:20,0
DA:21,0
DA:22,0
DA:23,0
DA:24,0
LF:13
LH:0
end_of_record
SF:lib/authentication/data/model/profile_image.dart
DA:9,0
DA:10,0
DA:11,0
DA:12,0
DA:14,0
DA:15,0
DA:16,0
DA:17,0
DA:18,0
LF:9
LH:0
end_of_record
SF:lib/authentication/data/model/user_info.dart
DA:10,0
DA:11,0
DA:12,0
DA:13,0
DA:14,0
DA:15,0
DA:17,0
DA:18,0
DA:19,0
DA:20,0
DA:21,0
DA:22,0
DA:23,0
LF:13
LH:0
end_of_record
SF:lib/authentication/data/model/user_profile.dart
DA:29,0
DA:30,0
DA:31,0
DA:32,0
DA:33,0
DA:34,0
DA:35,0
DA:36,0
DA:37,0
DA:38,0
DA:39,0
DA:40,0
DA:41,0
DA:42,0
DA:43,0
DA:44,0
DA:45,0
DA:46,0
DA:47,0
DA:48,0
DA:49,0
DA:50,0
DA:52,0
DA:53,0
DA:54,0
DA:55,0
DA:56,0
DA:57,0
DA:58,0
DA:59,0
DA:60,0
DA:61,0
DA:62,0
DA:63,0
DA:64,0
DA:65,0
DA:66,0
DA:67,0
DA:68,0
DA:69,0
DA:70,0
DA:71,0
DA:72,0
DA:73,0
DA:74,0
LF:45
LH:0
end_of_record
SF:lib/authentication/data/user_api.dart
DA:11,0
DA:21,0
DA:23,0
DA:24,0
DA:26,0
DA:27,0
DA:28,0
DA:33,0
DA:34,0
DA:37,0
DA:38,0
DA:39,0
LF:12
LH:0
end_of_record
SF:lib/core/base/configuration.dart
DA:7,0
DA:19,0
DA:20,0
DA:21,0
DA:23,0
DA:24,0
DA:25,0
DA:26,0
LF:8
LH:0
end_of_record
SF:lib/core/network/api.dart
DA:10,0
DA:29,0
DA:32,0
DA:34,0
DA:35,0
DA:36,0
DA:37,0
DA:39,0
DA:43,0
DA:46,0
DA:47,0
DA:48,0
DA:49,0
DA:51,0
DA:55,0
DA:57,0
DA:58,0
DA:59,0
DA:60,0
DA:62,0
DA:65,0
DA:66,0
DA:67,0
DA:68,0
DA:69,0
DA:70,0
DA:71,0
DA:73,0
LF:28
LH:0
end_of_record
SF:lib/authentication/data/user_db.dart
DA:5,0
DA:10,0
DA:12,0
DA:13,0
DA:17,0
DA:18,0
DA:21,0
DA:22,0
LF:8
LH:0
end_of_record
SF:lib/core/database/database.dart
DA:6,0
DA:8,0
DA:9,0
DA:12,0
DA:13,0
DA:16,0
DA:17,0
DA:20,0
DA:21,0
DA:24,0
DA:25,0
LF:11
LH:0
end_of_record
SF:lib/authentication/data/user_repository.dart
DA:8,0
DA:15,0
DA:17,0
DA:18,0
DA:22,0
DA:23,0
DA:26,0
DA:27,0
DA:30,0
DA:31,0
DA:34,0
DA:35,0
DA:39,0
LF:13
LH:0
end_of_record
SF:lib/core/repository/repository.dart
DA:6,0
DA:7,0
DA:8,0
LF:3
LH:0
end_of_record
SF:lib/authentication/user/token_cache.dart
DA:3,0
DA:8,0
DA:10,0
DA:11,0
LF:4
LH:0
end_of_record
SF:lib/authentication/user/user_controller.dart
DA:9,0
DA:16,0
DA:17,0
DA:18,0
DA:21,0
DA:23,0
DA:25,0
DA:26,0
DA:27,0
DA:29,0
DA:32,0
DA:36,0
DA:37,0
DA:38,0
DA:39,0
DA:40,0
DA:43,0
DA:44,0
DA:45,0
DA:46,0
LF:20
LH:0
end_of_record
SF:lib/authentication/user/user_state.freezed.dart
DA:10,0
DA:12,0
DA:17,2
DA:19,0
DA:23,0
DA:24,0
DA:30,0
DA:40,0
DA:46,0
DA:47,0
DA:54,0
DA:55,0
DA:61,0
DA:62,0
DA:69,0
DA:80,0
DA:97,0
DA:99,0
DA:101,0
DA:102,0
DA:107,2
DA:109,0
DA:114,0
DA:116,0
DA:119,0
DA:120,0
DA:122,0
DA:129,0
DA:132,0
DA:141,0
DA:143,0
DA:146,0
DA:153,0
DA:156,0
DA:165,0
DA:167,0
DA:187,0
DA:189,0
DA:191,0
DA:192,0
DA:194,0
DA:199,0
DA:200,0
DA:201,0
DA:204,0
DA:205,0
DA:214,0
DA:221,0
DA:223,0
DA:226,0
DA:229,0
DA:230,0
DA:231,0
DA:232,0
DA:233,0
DA:236,0
DA:238,0
DA:239,0
DA:240,0
DA:242,0
DA:245,0
DA:247,0
DA:254,0
DA:257,0
DA:266,0
DA:268,0
DA:271,0
DA:278,0
DA:281,0
DA:290,0
DA:292,0
DA:300,0
DA:301,0
DA:302,0
DA:304,0
DA:318,0
DA:320,0
DA:322,0
DA:323,0
DA:328,2
DA:330,0
DA:335,0
DA:337,0
DA:340,0
DA:341,0
DA:343,0
DA:350,0
DA:353,0
DA:362,0
DA:364,0
DA:367,0
DA:374,0
DA:377,0
DA:386,0
DA:388,0
LF:95
LH:3
end_of_record
SF:lib/core/base/exception.dart
DA:6,0
DA:8,0
DA:10,0
LF:3
LH:0
end_of_record
SF:lib/core/network/api_error.dart
DA:8,0
LF:1
LH:0
end_of_record
SF:lib/core/network/interceptors/header_interceptor.dart
DA:10,0
DA:17,0
DA:20,0
DA:21,0
DA:22,0
DA:24,0
DA:25,0
DA:26,0
DA:27,0
DA:28,0
DA:29,0
LF:11
LH:0
end_of_record
SF:lib/core/network/interceptors/log_interceptor.dart
DA:8,0
DA:11,0
DA:14,0
DA:15,0
DA:16,0
DA:17,0
DA:18,0
DA:21,0
DA:24,0
DA:25,0
DA:26,0
DA:27,0
DA:30,0
DA:32,0
DA:33,0
DA:34,0
DA:35,0
DA:36,0
DA:39,0
DA:41,0
DA:42,0
DA:47,0
DA:48,0
DA:49,0
DA:50,0
DA:52,0
LF:26
LH:0
end_of_record
SF:lib/core/utils/dio_to_curl.dart
DA:3,0
DA:7,0
DA:8,0
DA:10,0
DA:11,0
DA:12,0
DA:15,0
DA:16,0
DA:17,0
DA:19,0
DA:21,0
DA:27,0
DA:28,0
DA:31,0
DA:32,0
DA:33,0
DA:34,0
DA:35,0
DA:36,0
DA:37,0
DA:43,0
DA:44,0
LF:22
LH:0
end_of_record
SF:lib/photos/data/model/get_photos_response.dart
DA:5,0
DA:7,0
LF:2
LH:0
end_of_record
SF:lib/photos/data/model/links.dart
DA:10,0
DA:11,0
DA:12,0
DA:13,0
DA:14,0
DA:16,0
DA:17,0
DA:18,0
DA:19,0
DA:20,0
DA:21,0
DA:25,0
DA:26,0
DA:28,0
LF:14
LH:0
end_of_record
SF:lib/photos/data/model/sponsorship.dart
DA:10,0
DA:11,0
DA:12,0
DA:13,0
DA:15,0
DA:17,0
DA:18,0
DA:19,0
DA:20,0
DA:21,0
DA:22,0
LF:11
LH:0
end_of_record
SF:lib/photos/data/model/urls.dart
DA:11,0
DA:12,0
DA:13,0
DA:14,0
DA:15,0
DA:16,0
DA:18,0
DA:19,0
DA:20,0
DA:21,0
DA:22,0
DA:23,0
DA:24,0
DA:28,0
DA:29,0
DA:31,0
LF:16
LH:0
end_of_record
SF:lib/photos/data/model/user.dart
DA:24,0
DA:25,0
DA:26,0
DA:27,0
DA:28,0
DA:29,0
DA:30,0
DA:31,0
DA:32,0
DA:33,0
DA:34,0
DA:35,0
DA:36,0
DA:38,0
DA:39,0
DA:40,0
DA:41,0
DA:42,0
DA:43,0
DA:45,0
DA:46,0
DA:47,0
DA:48,0
DA:49,0
DA:50,0
DA:51,0
DA:52,0
DA:53,0
DA:54,0
DA:55,0
DA:56,0
DA:57,0
DA:58,0
DA:59,0
DA:60,0
DA:61,0
DA:62,0
DA:63,0
DA:64,0
LF:39
LH:0
end_of_record
SF:lib/photos/data/model/photo_sort.dart
DA:7,0
DA:9,0
DA:10,0
LF:3
LH:0
end_of_record
SF:lib/photos/data/model/profile_image.dart
DA:9,0
DA:10,0
DA:11,0
DA:12,0
DA:14,0
DA:15,0
DA:16,0
DA:17,0
DA:18,0
LF:9
LH:0
end_of_record
SF:lib/photos/data/model/search_photo_response.dart
DA:10,0
DA:11,0
DA:12,0
DA:13,0
DA:15,0
DA:16,0
DA:17,0
DA:18,0
DA:19,0
DA:20,0
LF:10
LH:0
end_of_record
SF:lib/photos/data/model/sponsor.dart
DA:24,0
DA:25,0
DA:26,0
DA:27,0
DA:28,0
DA:29,0
DA:30,0
DA:31,0
DA:32,0
DA:33,0
DA:34,0
DA:35,0
DA:36,0
DA:38,0
DA:39,0
DA:40,0
DA:41,0
DA:42,0
DA:43,0
DA:45,0
DA:46,0
DA:47,0
DA:48,0
DA:49,0
DA:50,0
DA:51,0
DA:52,0
DA:53,0
DA:54,0
DA:55,0
DA:56,0
DA:57,0
DA:58,0
DA:59,0
DA:60,0
DA:61,0
DA:62,0
DA:63,0
DA:64,0
LF:39
LH:0
end_of_record
SF:lib/photos/data/photo_api.dart
DA:12,0
DA:16,0
DA:18,0
DA:19,0
DA:21,0
DA:23,0
DA:24,0
DA:28,0
DA:29,0
DA:32,0
DA:33,0
DA:36,0
DA:38,0
DA:39,0
DA:40,0
LF:15
LH:0
end_of_record
SF:lib/photos/data/photo_db.dart
DA:5,0
DA:10,0
DA:12,0
DA:13,0
DA:16,0
DA:17,0
DA:18,0
LF:7
LH:0
end_of_record
SF:lib/home/home_app_bar.dart
DA:11,0
DA:13,0
DA:26,0
DA:31,0
DA:33,0
DA:34,0
DA:38,0
DA:40,0
DA:41,0
DA:42,0
DA:44,0
DA:45,0
DA:46,0
DA:48,0
DA:49,0
DA:50,0
DA:51,0
DA:52,0
DA:53,0
DA:54,0
DA:57,0
DA:58,0
DA:61,0
DA:62,0
DA:64,0
DA:65,0
DA:73,0
DA:74,0
DA:75,0
DA:76,0
DA:78,0
DA:80,0
DA:81,0
DA:83,0
DA:84,0
DA:97,0
DA:98,0
DA:99,0
DA:100,0
DA:111,1
DA:116,1
DA:118,2
DA:119,1
DA:120,1
DA:121,1
DA:123,1
DA:125,1
DA:127,1
DA:128,1
DA:129,1
DA:130,1
DA:131,2
DA:132,1
DA:133,1
DA:135,1
DA:136,1
DA:138,1
DA:141,1
DA:142,1
DA:143,1
DA:144,1
DA:147,1
DA:148,1
DA:149,2
DA:150,1
DA:151,0
DA:155,1
DA:157,1
DA:162,3
DA:163,1
DA:164,0
DA:165,0
DA:166,0
DA:168,1
DA:171,1
LF:75
LH:32
end_of_record
SF:lib/authentication/login/login_controller.dart
DA:8,0
DA:15,0
DA:16,0
DA:17,0
DA:19,0
DA:20,0
DA:23,0
DA:24,0
DA:25,0
DA:27,0
DA:31,0
DA:32,0
DA:33,0
LF:13
LH:0
end_of_record
SF:lib/authentication/login/login_state.freezed.dart
DA:10,0
DA:12,0
DA:17,1
DA:19,0
DA:23,0
DA:27,0
DA:28,0
DA:33,0
DA:43,0
DA:50,0
DA:51,0
DA:59,0
DA:60,0
DA:67,0
DA:68,0
DA:76,0
DA:88,0
DA:105,0
DA:107,0
DA:109,0
DA:110,0
DA:115,1
DA:117,0
DA:122,0
DA:124,0
DA:127,0
DA:128,0
DA:130,0
DA:138,0
DA:141,0
DA:151,0
DA:153,0
DA:156,0
DA:164,0
DA:167,0
DA:177,0
DA:179,0
DA:197,0
DA:199,0
DA:201,0
DA:202,0
DA:207,1
DA:209,0
DA:214,0
DA:216,0
DA:219,0
DA:220,0
DA:222,0
DA:230,0
DA:233,0
DA:243,0
DA:245,0
DA:248,0
DA:256,0
DA:259,0
DA:269,0
DA:271,0
DA:290,0
DA:291,0
DA:293,0
DA:294,0
DA:296,0
DA:300,0
DA:301,0
DA:302,0
DA:311,0
DA:316,0
DA:318,0
DA:321,0
DA:324,0
DA:325,0
DA:326,0
DA:329,0
DA:331,0
DA:333,0
DA:336,0
DA:338,0
DA:346,0
DA:349,0
DA:359,0
DA:361,0
DA:364,0
DA:372,0
DA:375,0
DA:385,0
DA:387,0
DA:394,0
DA:395,0
DA:397,0
DA:409,0
DA:410,0
DA:412,0
DA:413,0
DA:418,1
DA:420,0
DA:425,0
DA:427,0
DA:430,0
DA:431,0
DA:433,0
DA:441,0
DA:444,0
DA:454,0
DA:456,0
DA:459,0
DA:467,0
DA:470,0
DA:480,0
DA:482,0
LF:109
LH:4
end_of_record
SF:lib/authentication/login/login_page.dart
DA:15,0
DA:16,0
DA:17,0
DA:21,0
DA:30,0
DA:32,0
DA:35,0
DA:36,0
DA:37,0
DA:38,0
DA:39,0
DA:42,0
DA:43,0
DA:44,0
DA:45,0
DA:46,0
DA:47,0
DA:48,0
DA:49,0
DA:50,0
DA:54,0
DA:55,0
DA:56,0
DA:58,0
DA:59,0
DA:61,0
DA:63,0
DA:66,0
DA:69,0
DA:70,0
DA:72,0
DA:73,0
DA:78,0
DA:80,0
DA:82,0
DA:83,0
DA:84,0
DA:85,0
DA:86,0
DA:87,0
DA:94,0
DA:95,0
DA:96,0
DA:98,0
DA:99,0
DA:108,0
DA:109,0
DA:110,0
LF:48
LH:0
end_of_record
SF:lib/home/home_page.dart
DA:16,0
DA:17,0
DA:18,0
DA:21,0
DA:23,0
DA:25,0
DA:26,0
DA:28,0
DA:30,0
DA:31,0
DA:32,0
DA:33,0
DA:34,0
DA:35,0
DA:36,0
DA:37,0
DA:38,0
DA:42,0
DA:44,0
DA:46,0
DA:47,0
DA:48,0
DA:49,0
DA:54,0
DA:55,0
DA:56,0
DA:57,0
DA:58,0
DA:61,0
DA:62,0
DA:63,0
DA:64,0
DA:65,0
DA:67,0
DA:73,0
DA:74,0
DA:76,0
DA:86,0
DA:87,0
DA:89,0
DA:91,0
DA:93,0
DA:97,0
DA:102,0
DA:103,0
DA:104,0
DA:106,0
DA:107,0
DA:108,0
DA:110,0
DA:112,0
DA:114,0
DA:115,0
DA:117,0
DA:118,0
DA:119,0
DA:122,0
DA:126,0
DA:133,0
DA:134,0
DA:136,0
DA:137,0
DA:138,0
DA:139,0
DA:140,0
DA:147,0
DA:149,0
DA:151,0
DA:153,0
LF:69
LH:0
end_of_record
SF:lib/res/color.dart
DA:3,0
DA:4,3
DA:5,0
DA:6,0
DA:7,0
LF:5
LH:1
end_of_record
SF:lib/authentication/user/user_dependent_state_notifier.dart
DA:9,0
DA:10,0
DA:13,0
DA:14,0
DA:15,0
DA:16,0
DA:17,0
DA:25,0
DA:27,0
DA:28,0
LF:10
LH:0
end_of_record
SF:lib/authentication/widgets/user_dependent_tap.dart
DA:13,0
DA:19,0
DA:21,0
DA:22,0
DA:23,0
DA:24,0
DA:25,0
DA:26,0
DA:27,0
DA:29,0
DA:30,0
DA:31,0
DA:32,0
DA:38,0
LF:14
LH:0
end_of_record
SF:lib/core/utils/color_utils.dart
DA:5,0
DA:6,0
DA:7,0
DA:8,0
DA:9,0
LF:5
LH:0
end_of_record
SF:lib/core/widget/context_menu.dart
DA:16,0
DA:18,0
DA:19,0
DA:20,0
DA:21,0
DA:22,0
DA:23,0
DA:24,0
DA:30,0
DA:39,0
DA:41,0
DA:43,0
DA:47,0
DA:48,0
DA:50,0
DA:51,0
DA:53,0
DA:54,0
DA:55,0
DA:56,0
DA:57,0
DA:61,0
DA:62,0
DA:64,0
DA:65,0
DA:66,0
DA:68,0
DA:69,0
DA:70,0
DA:71,0
DA:73,0
DA:74,0
DA:75,0
DA:77,0
DA:78,0
DA:80,0
DA:82,0
DA:84,0
DA:97,0
DA:102,0
DA:103,0
DA:104,0
DA:105,0
DA:106,0
DA:107,0
DA:110,0
DA:120,0
DA:122,0
DA:124,0
DA:125,0
DA:126,0
DA:127,0
DA:129,0
DA:131,0
DA:132,0
DA:143,0
DA:145,0
DA:147,0
DA:149,0
DA:150,0
DA:151,0
DA:152,0
DA:154,0
DA:156,0
DA:157,0
DA:158,0
DA:160,0
DA:161,0
DA:168,0
DA:170,0
DA:171,0
DA:180,0
DA:182,0
DA:184,0
DA:185,0
DA:186,0
DA:188,0
DA:189,0
DA:191,0
DA:193,0
DA:195,0
DA:197,0
DA:199,0
DA:201,0
DA:203,0
DA:205,0
DA:207,0
DA:209,0
DA:211,0
DA:213,0
DA:215,0
DA:217,0
DA:219,0
DA:221,0
DA:223,0
DA:225,0
DA:227,0
DA:229,0
DA:230,0
DA:231,0
DA:232,0
DA:233,0
DA:234,0
DA:235,0
DA:237,0
DA:238,0
DA:242,0
DA:245,0
DA:246,0
DA:248,0
DA:255,0
DA:256,0
DA:257,0
DA:259,0
DA:271,0
DA:273,0
DA:275,0
DA:276,0
DA:277,0
DA:279,0
DA:280,0
DA:282,0
DA:284,0
DA:286,0
DA:288,0
DA:290,0
DA:292,0
DA:293,0
DA:294,0
DA:296,0
DA:299,0
DA:300,0
DA:301,0
DA:302,0
DA:303,0
DA:315,0
DA:318,0
DA:320,0
DA:322,0
DA:323,0
DA:324,0
DA:326,0
DA:327,0
DA:328,0
DA:329,0
DA:330,0
DA:331,0
DA:332,0
DA:335,0
DA:336,0
DA:337,0
DA:338,0
DA:339,0
DA:340,0
DA:343,0
DA:344,0
DA:345,0
DA:346,0
DA:347,0
DA:348,0
DA:351,0
DA:352,0
DA:353,0
DA:354,0
DA:355,0
DA:356,0
DA:357,0
LF:167
LH:0
end_of_record
SF:lib/photos/photo_download_delegate.dart
DA:14,0
DA:16,0
DA:17,0
DA:21,0
DA:22,0
DA:24,0
DA:28,0
DA:34,0
DA:35,0
DA:36,0
DA:37,0
DA:41,0
DA:42,0
DA:43,0
DA:44,0
DA:45,0
LF:16
LH:0
end_of_record
SF:lib/res/text.dart
DA:4,0
DA:6,0
DA:7,0
DA:9,0
DA:10,0
DA:12,0
DA:13,0
DA:15,0
DA:16,0
DA:18,0
DA:19,0
DA:21,0
DA:22,0
LF:13
LH:0
end_of_record
SF:lib/photos/domain/photos_controller.dart
DA:12,0
DA:18,0
DA:19,0
DA:24,0
DA:25,0
DA:26,0
DA:27,0
DA:31,0
DA:33,0
DA:34,0
DA:35,0
DA:39,0
DA:43,0
DA:44,0
DA:47,0
DA:48,0
DA:50,0
DA:51,0
DA:52,0
DA:53,0
DA:57,0
DA:61,0
DA:62,0
DA:63,0
DA:67,0
DA:68,0
DA:69,0
DA:73,0
DA:75,0
DA:76,0
DA:77,0
DA:78,0
DA:79,0
DA:80,0
DA:81,0
DA:82,0
DA:83,0
DA:88,0
DA:89,0
DA:90,0
DA:91,0
LF:41
LH:0
end_of_record
SF:lib/photos/domain/photos_state.freezed.dart
DA:10,0
DA:12,0
DA:17,1
DA:19,0
DA:23,0
DA:27,0
DA:28,0
DA:33,0
DA:35,0
DA:40,0
DA:41,0
DA:52,0
DA:60,0
DA:61,0
DA:70,0
DA:71,0
DA:80,0
DA:81,0
DA:90,0
DA:102,0
DA:120,0
DA:122,0
DA:124,0
DA:125,0
DA:130,1
DA:132,0
DA:137,0
DA:139,0
DA:142,0
DA:143,0
DA:145,0
DA:154,0
DA:157,0
DA:168,0
DA:170,0
DA:173,0
DA:183,0
DA:186,0
DA:197,0
DA:199,0
DA:218,0
DA:220,0
DA:222,0
DA:224,0
DA:229,1
DA:231,0
DA:236,0
DA:238,0
DA:241,0
DA:242,0
DA:244,0
DA:253,0
DA:256,0
DA:267,0
DA:269,0
DA:272,0
DA:282,0
DA:285,0
DA:296,0
DA:298,0
DA:318,0
DA:320,0
DA:322,0
DA:323,0
DA:325,0
DA:329,0
DA:330,0
DA:331,0
DA:340,0
DA:345,0
DA:347,0
DA:350,0
DA:353,0
DA:354,0
DA:355,0
DA:358,0
DA:360,0
DA:362,0
DA:365,0
DA:368,0
DA:377,0
DA:380,0
DA:391,0
DA:393,0
DA:396,0
DA:406,0
DA:409,0
DA:420,0
DA:422,0
DA:430,0
DA:431,0
DA:433,0
DA:449,0
DA:452,0
DA:454,0
DA:456,0
DA:458,0
DA:462,0
DA:463,0
DA:464,0
DA:473,0
DA:478,0
DA:480,0
DA:483,0
DA:486,0
DA:487,0
DA:488,0
DA:491,0
DA:493,0
DA:495,0
DA:498,0
DA:501,0
DA:510,0
DA:513,0
DA:524,0
DA:526,0
DA:529,0
DA:539,0
DA:542,0
DA:553,0
DA:555,0
DA:563,0
DA:564,0
DA:566,0
DA:581,0
DA:583,0
DA:585,0
DA:586,0
DA:588,0
DA:592,0
DA:593,0
DA:594,0
DA:603,0
DA:608,0
DA:610,0
DA:613,0
DA:616,0
DA:617,0
DA:618,0
DA:621,0
DA:623,0
DA:625,0
DA:628,0
DA:630,0
DA:639,0
DA:642,0
DA:653,0
DA:655,0
DA:658,0
DA:668,0
DA:671,0
DA:682,0
DA:684,0
DA:692,0
DA:693,0
DA:695,0
LF:156
LH:3
end_of_record
SF:lib/photos/photo_item.dart
DA:18,0
DA:19,0
DA:21,0
DA:25,0
DA:30,0
DA:32,0
DA:33,0
DA:34,0
DA:35,0
DA:36,0
DA:38,0
DA:39,0
DA:40,0
DA:41,0
DA:43,0
DA:44,0
DA:45,0
DA:46,0
DA:47,0
DA:49,0
DA:58,0
DA:59,0
DA:61,0
DA:62,0
DA:63,0
DA:64,0
DA:66,0
DA:72,0
DA:73,0
DA:74,0
DA:75,0
DA:76,0
DA:77,0
DA:78,0
DA:81,0
DA:83,0
DA:86,0
DA:89,0
DA:90,0
DA:91,0
DA:92,0
DA:107,0
DA:113,0
DA:115,0
DA:117,0
DA:118,0
DA:119,0
DA:120,0
DA:121,0
DA:122,0
DA:123,0
DA:136,0
DA:137,0
DA:138,0
DA:139,0
DA:140,0
DA:141,0
DA:144,0
DA:146,0
DA:147,0
DA:148,0
DA:149,0
DA:151,0
DA:152,0
DA:154,0
DA:155,0
DA:169,0
DA:171,0
DA:172,0
DA:176,0
DA:178,0
DA:179,0
DA:180,0
DA:182,0
DA:186,0
DA:187,0
DA:188,0
DA:190,0
DA:202,0
DA:204,0
DA:206,0
DA:208,0
DA:209,0
DA:210,0
DA:211,0
DA:226,0
DA:236,0
DA:238,0
DA:241,0
DA:242,0
DA:243,0
DA:244,0
DA:245,0
DA:246,0
DA:247,0
DA:249,0
DA:252,0
DA:253,0
DA:254,0
DA:256,0
DA:257,0
DA:261,0
DA:262,0
DA:263,0
DA:265,0
DA:266,0
DA:272,0
DA:273,0
DA:274,0
DA:279,0
DA:280,0
DA:281,0
DA:282,0
DA:286,0
DA:287,0
DA:289,0
DA:291,0
LF:117
LH:0
end_of_record
SF:lib/photos/photo_list.dart
DA:12,0
DA:16,0
DA:18,0
DA:20,0
DA:22,0
DA:23,0
DA:24,0
DA:25,0
DA:26,0
DA:27,0
DA:28,0
DA:30,0
DA:31,0
DA:32,0
DA:33,0
DA:37,0
DA:43,0
DA:45,0
LF:18
LH:0
end_of_record
SF:lib/search/search_page.dart
DA:12,0
DA:14,0
DA:15,0
DA:16,0
DA:17,0
DA:20,0
DA:26,0
DA:29,0
DA:30,0
DA:32,0
DA:33,0
DA:34,0
DA:35,0
DA:36,0
DA:38,0
DA:39,0
DA:42,0
DA:43,0
DA:44,0
DA:47,0
DA:48,0
DA:49,0
DA:52,0
DA:53,0
DA:55,0
DA:64,0
DA:66,0
DA:68,0
DA:70,0
DA:71,0
DA:78,0
DA:80,0
DA:82,0
DA:83,0
DA:92,0
DA:93,0
DA:95,0
DA:96,0
DA:97,0
LF:39
LH:0
end_of_record
SF:lib/photo_detail/photo_detail_screen.dart
DA:10,0
DA:21,0
DA:23,0
DA:24,0
DA:25,0
DA:26,0
DA:35,0
DA:36,0
DA:40,0
DA:42,0
DA:43,0
DA:44,0
DA:45,0
DA:46,0
DA:47,0
DA:48,0
DA:53,0
DA:54,0
LF:18
LH:0
end_of_record
